<?xml version="1.0" encoding="UTF-8"?>
<testng-results ignored="0" total="5" passed="5" failed="0" skipped="0">
  <reporter-output>
  </reporter-output>
  <suite started-at="2022-08-08T13:05:37 IST" name="Suite" finished-at="2022-08-08T13:05:39 IST" duration-ms="1723">
    <groups>
    </groups>
    <test started-at="2022-08-08T13:05:37 IST" name="Test" finished-at="2022-08-08T13:05:39 IST" duration-ms="1723">
      <class name="org.testing.testScripts.TC2_GetAllRequest">
        <test-method signature="testCase2()[pri:0, instance:org.testing.testScripts.TC2_GetAllRequest@18d87d80]" started-at="2022-08-08T13:05:39 IST" name="testCase2" finished-at="2022-08-08T13:05:39 IST" duration-ms="92" status="PASS">
          <reporter-output>
          </reporter-output>
        </test-method> <!-- testCase2 -->
      </class> <!-- org.testing.testScripts.TC2_GetAllRequest -->
      <class name="org.testing.testScripts.TC3_GetRequest">
        <test-method signature="testCase3()[pri:0, instance:org.testing.testScripts.TC3_GetRequest@618425b5]" started-at="2022-08-08T13:05:39 IST" name="testCase3" finished-at="2022-08-08T13:05:39 IST" duration-ms="59" status="PASS">
          <reporter-output>
          </reporter-output>
        </test-method> <!-- testCase3 -->
      </class> <!-- org.testing.testScripts.TC3_GetRequest -->
      <class name="org.testing.testScripts.TC5_DeleteRequest">
        <test-method signature="testCase5()[pri:0, instance:org.testing.testScripts.TC5_DeleteRequest@543588e6]" started-at="2022-08-08T13:05:39 IST" name="testCase5" finished-at="2022-08-08T13:05:39 IST" duration-ms="73" status="PASS">
          <reporter-output>
          </reporter-output>
        </test-method> <!-- testCase5 -->
      </class> <!-- org.testing.testScripts.TC5_DeleteRequest -->
      <class name="org.testing.testScripts.TC4_UpdateRequest">
        <test-method signature="testCase4()[pri:0, instance:org.testing.testScripts.TC4_UpdateRequest@58695725]" started-at="2022-08-08T13:05:39 IST" name="testCase4" finished-at="2022-08-08T13:05:39 IST" duration-ms="76" status="PASS">
          <reporter-output>
          </reporter-output>
        </test-method> <!-- testCase4 -->
      </class> <!-- org.testing.testScripts.TC4_UpdateRequest -->
      <class name="org.testing.testScripts.TC1_PostRequest">
        <test-method signature="testCase1()[pri:0, instance:org.testing.testScripts.TC1_PostRequest@20ccf40b]" started-at="2022-08-08T13:05:37 IST" name="testCase1" finished-at="2022-08-08T13:05:39 IST" duration-ms="1365" status="PASS">
          <reporter-output>
          </reporter-output>
        </test-method> <!-- testCase1 -->
      </class> <!-- org.testing.testScripts.TC1_PostRequest -->
    </test> <!-- Test -->
  </suite> <!-- Suite -->
</testng-results>
