<?xml version="1.0" encoding="UTF-8"?>
<!-- Generated by org.testng.reporters.JUnitXMLReporter -->
<testsuite ignored="0" hostname="DDC5-L-G310NW2" failures="0" tests="5" name="Test" time="1.723" errors="0" timestamp="2022-08-08T13:05:39 IST">
  <testcase classname="org.testing.testScripts.TC1_PostRequest" name="testCase1" time="1.365"/>
  <testcase classname="org.testing.testScripts.TC2_GetAllRequest" name="testCase2" time="0.092"/>
  <testcase classname="org.testing.testScripts.TC3_GetRequest" name="testCase3" time="0.059"/>
  <testcase classname="org.testing.testScripts.TC4_UpdateRequest" name="testCase4" time="0.076"/>
  <testcase classname="org.testing.testScripts.TC5_DeleteRequest" name="testCase5" time="0.073"/>
</testsuite> <!-- Test -->
